<?xml version="1.0" encoding="utf-8"?><testsuites name="pytest tests"><testsuite name="pytest" errors="0" failures="0" skipped="0" tests="20" time="36.191" timestamp="2026-09-13T13:08:28.837075+00:00" hostname="agent-env-70006fb3-4b06-4b07-b039-e8d9cbcdad69"><testcase classname="tests.test_backend" name="test_root" time="0.209" /><testcase classname="tests.test_backend" name="test_dialects_returns_six_with_badini" time="0.069" /><testcase classname="tests.test_backend" name="test_content_ku_sor_returns_empty" time="0.067" /><testcase classname="tests.test_backend" name="test_content_ku_bad_returns_items" time="0.072" /><testcase classname="tests.test_backend" name="test_content_all" time="0.074" /><testcase classname="tests.test_backend" name="test_content_all_have_preview_image_url" time="0.073" /><testcase classname="tests.test_backend" name="test_ai_prompts_have_preview_image_url" time="0.066" /><testcase classname="tests.test_backend" name="test_content_filter_by_category" time="0.067" /><testcase classname="tests.test_backend" name="test_content_filter_by_dialect" time="0.068" /><testcase classname="tests.test_backend" name="test_contact_submit" time="0.067" /><testcase classname="tests.test_backend" name="test_contact_invalid_email" time="0.092" /><testcase classname="tests.test_backend" name="test_generate_categories[tiktok-scripts]" time="6.225" /><testcase classname="tests.test_backend" name="test_generate_categories[ai-prompts]" time="5.744" /><testcase classname="tests.test_backend" name="test_generate_categories[content-ideas]" time="4.362" /><testcase classname="tests.test_backend" name="test_generate_kurdish_badini" time="7.047" /><testcase classname="tests.test_backend" name="test_generate_invalid_category" time="0.073" /><testcase classname="tests.test_backend" name="test_ai_prompts_expanded_count_and_ids" time="0.066" /><testcase classname="tests.test_backend" name="test_generate_prompt_with_dialect" time="5.975" /><testcase classname="tests.test_backend" name="test_generate_prompt_no_dialect" time="5.200" /><testcase classname="tests.test_backend" name="test_generate_prompt_empty_idea" time="0.075" /></testsuite></testsuites>