<?xml version="1.0" encoding="utf-8"?><testsuites name="pytest tests"><testsuite name="pytest" errors="0" failures="0" skipped="0" tests="16" time="24.189" timestamp="2026-09-13T12:49:21.887010+00:00" hostname="agent-env-70006fb3-4b06-4b07-b039-e8d9cbcdad69"><testcase classname="tests.test_backend" name="test_root" time="0.176" /><testcase classname="tests.test_backend" name="test_dialects_returns_six_with_badini" time="0.057" /><testcase classname="tests.test_backend" name="test_content_ku_sor_returns_empty" time="0.064" /><testcase classname="tests.test_backend" name="test_content_ku_bad_returns_items" time="0.059" /><testcase classname="tests.test_backend" name="test_content_all" time="0.058" /><testcase classname="tests.test_backend" name="test_content_all_have_preview_image_url" time="0.060" /><testcase classname="tests.test_backend" name="test_ai_prompts_have_preview_image_url" time="0.057" /><testcase classname="tests.test_backend" name="test_content_filter_by_category" time="0.063" /><testcase classname="tests.test_backend" name="test_content_filter_by_dialect" time="0.061" /><testcase classname="tests.test_backend" name="test_contact_submit" time="0.061" /><testcase classname="tests.test_backend" name="test_contact_invalid_email" time="0.058" /><testcase classname="tests.test_backend" name="test_generate_categories[tiktok-scripts]" time="5.133" /><testcase classname="tests.test_backend" name="test_generate_categories[ai-prompts]" time="4.639" /><testcase classname="tests.test_backend" name="test_generate_categories[content-ideas]" time="5.082" /><testcase classname="tests.test_backend" name="test_generate_kurdish_badini" time="7.978" /><testcase classname="tests.test_backend" name="test_generate_invalid_category" time="0.056" /></testsuite></testsuites>