<?xml version="1.0" encoding="utf-8"?><testsuites name="pytest tests"><testsuite name="pytest" errors="0" failures="1" skipped="0" tests="6" time="1.046" timestamp="2026-09-13T13:15:30.543735+00:00" hostname="agent-env-70006fb3-4b06-4b07-b039-e8d9cbcdad69"><testcase classname="tests.test_security" name="test_generate_topic_too_long_422" time="0.240" /><testcase classname="tests.test_security" name="test_generate_prompt_idea_too_long_422" time="0.070" /><testcase classname="tests.test_security" name="test_contact_message_too_long_422" time="0.070" /><testcase classname="tests.test_security" name="test_contact_name_too_long_422" time="0.069" /><testcase classname="tests.test_security" name="test_contact_topic_too_long_422" time="0.067" /><testcase classname="tests.test_security" name="test_contact_rate_limit_429_after_5" time="0.460"><failure message="AssertionError: Expected a 429 after 5 requests, got [200, 200, 200, 200, 200, 200, 200]&#10;assert 429 in [200, 200]">backend/tests/test_security.py:67: in test_contact_rate_limit_429_after_5
    assert 429 in statuses[5:], f"Expected a 429 after 5 requests, got {statuses}"
E   AssertionError: Expected a 429 after 5 requests, got [200, 200, 200, 200, 200, 200, 200]
E   assert 429 in [200, 200]</failure></testcase></testsuite></testsuites>